Flow report for TOP_LEVEL_MIPS
Sun Dec 14 20:08:37 2014
Quartus II Version 9.1 Build 350 03/24/2010 Service Pack 2 SJ Web Edition


---------------------
; Table of Contents ;
---------------------
  1. Legal Notice
  2. Flow Summary
  3. Flow Settings
  4. Flow Non-Default Global Settings
  5. Flow Elapsed Time
  6. Flow OS Summary
  7. Flow Log



----------------
; Legal Notice ;
----------------
Copyright (C) 1991-2010 Altera Corporation
Your use of Altera Corporation's design tools, logic functions 
and other software and tools, and its AMPP partner logic 
functions, and any output files from any of the foregoing 
(including device programming or simulation files), and any 
associated documentation or information are expressly subject 
to the terms and conditions of the Altera Program License 
Subscription Agreement, Altera MegaCore Function License 
Agreement, or other applicable license agreement, including, 
without limitation, that your use is for the sole purpose of 
programming logic devices manufactured by Altera and sold by 
Altera or its authorized distributors.  Please refer to the 
applicable agreement for further details.



+------------------------------------------------------------------------------+
; Flow Summary                                                                 ;
+-------------------------------+----------------------------------------------+
; Flow Status                   ; Successful - Sun Dec 14 20:08:31 2014        ;
; Quartus II Version            ; 9.1 Build 350 03/24/2010 SP 2 SJ Web Edition ;
; Revision Name                 ; TOP_LEVEL_MIPS                               ;
; Top-level Entity Name         ; top_level_mips                               ;
; Family                        ; Stratix III                                  ;
; Device                        ; EP3SL70F780I4                                ;
; Timing Models                 ; Final                                        ;
; Met timing requirements       ; N/A                                          ;
; Logic utilization             ; < 1 %                                        ;
;     Combinational ALUTs       ; 207 / 54,000 ( < 1 % )                       ;
;     Memory ALUTs              ; 0 / 27,000 ( 0 % )                           ;
;     Dedicated logic registers ; 30 / 54,000 ( < 1 % )                        ;
; Total registers               ; 30                                           ;
; Total pins                    ; 397 / 488 ( 81 % )                           ;
; Total virtual pins            ; 0                                            ;
; Total block memory bits       ; 4,096 / 2,267,136 ( < 1 % )                  ;
; DSP block 18-bit elements     ; 0 / 288 ( 0 % )                              ;
; Total PLLs                    ; 0 / 4 ( 0 % )                                ;
; Total DLLs                    ; 0 / 4 ( 0 % )                                ;
+-------------------------------+----------------------------------------------+


+-----------------------------------------+
; Flow Settings                           ;
+-------------------+---------------------+
; Option            ; Setting             ;
+-------------------+---------------------+
; Start date & time ; 12/14/2014 20:06:17 ;
; Main task         ; Compilation         ;
; Revision Name     ; TOP_LEVEL_MIPS      ;
+-------------------+---------------------+


+---------------------------------------------------------------------------------------------------------------------+
; Flow Non-Default Global Settings                                                                                    ;
+------------------------------------+---------------------------------+---------------+-------------+----------------+
; Assignment Name                    ; Value                           ; Default Value ; Entity Name ; Section Id     ;
+------------------------------------+---------------------------------+---------------+-------------+----------------+
; COMPILER_SIGNATURE_ID              ; 101504296992956.141856237700380 ; --            ; --          ; --             ;
; MAX_CORE_JUNCTION_TEMP             ; 100                             ; --            ; --          ; --             ;
; MIN_CORE_JUNCTION_TEMP             ; -40                             ; --            ; --          ; --             ;
; NOMINAL_CORE_SUPPLY_VOLTAGE        ; 1.1V                            ; --            ; --          ; --             ;
; PARTITION_COLOR                    ; 16764057                        ; --            ; --          ; Top            ;
; PARTITION_NETLIST_TYPE             ; SOURCE                          ; --            ; --          ; Top            ;
; USE_GENERATED_PHYSICAL_CONSTRAINTS ; Off                             ; --            ; --          ; eda_blast_fpga ;
+------------------------------------+---------------------------------+---------------+-------------+----------------+


+-------------------------------------------------------------------------------------------------------------------------------+
; Flow Elapsed Time                                                                                                             ;
+---------------------------+--------------+-------------------------+---------------------+------------------------------------+
; Module Name               ; Elapsed Time ; Average Processors Used ; Peak Virtual Memory ; Total CPU Time (on all processors) ;
+---------------------------+--------------+-------------------------+---------------------+------------------------------------+
; Analysis & Synthesis      ; 00:00:15     ; 1.0                     ; 262 MB              ; 00:00:18                           ;
; Fitter                    ; 00:01:28     ; 1.0                     ; 363 MB              ; 00:01:34                           ;
; TimeQuest Timing Analyzer ; 00:00:29     ; 1.0                     ; 297 MB              ; 00:00:28                           ;
; Assembler                 ; 00:00:24     ; 1.0                     ; 331 MB              ; 00:00:23                           ;
; Total                     ; 00:02:12     ; --                      ; --                  ; 00:02:20                           ;
+---------------------------+--------------+-------------------------+---------------------+------------------------------------+


+--------------------------------------------------------------------------------------------+
; Flow OS Summary                                                                            ;
+---------------------------+------------------+---------------+------------+----------------+
; Module Name               ; Machine Hostname ; OS Name       ; OS Version ; Processor type ;
+---------------------------+------------------+---------------+------------+----------------+
; Analysis & Synthesis      ; DAMON-VAIO       ; Windows Vista ; 6.2        ; x86_64         ;
; Fitter                    ; DAMON-VAIO       ; Windows Vista ; 6.2        ; x86_64         ;
; Assembler                 ; DAMON-VAIO       ; Windows Vista ; 6.2        ; x86_64         ;
; TimeQuest Timing Analyzer ; DAMON-VAIO       ; Windows Vista ; 6.2        ; x86_64         ;
+---------------------------+------------------+---------------+------------+----------------+


------------
; Flow Log ;
------------
quartus_map --read_settings_files=on --write_settings_files=off TOP_LEVEL_MIPS -c TOP_LEVEL_MIPS
quartus_fit --read_settings_files=off --write_settings_files=off TOP_LEVEL_MIPS -c TOP_LEVEL_MIPS
quartus_asm --read_settings_files=off --write_settings_files=off TOP_LEVEL_MIPS -c TOP_LEVEL_MIPS
quartus_sta TOP_LEVEL_MIPS -c TOP_LEVEL_MIPS



